[1] "/oak/stanford/groups/omramom/group_members/aminaly/precip-price"
Loading required package: Matrix

Attaching package: ‘dplyr’

The following objects are masked from ‘package:stats’:

    filter, lag

The following objects are masked from ‘package:base’:

    intersect, setdiff, setequal, union

Loading required package: Lmoments
Loading required package: distillery

Attaching package: ‘extRemes’

The following objects are masked from ‘package:stats’:

    qqnorm, qqplot

Loading required package: methods

Attaching package: ‘lubridate’

The following object is masked from ‘package:base’:

    date

Joining, by = "country"
Joining, by = "country"
Joining, by = "country"
Joining, by = "country"
Joining, by = "country"
Joining, by = "country"
Joining, by = "country"
Joining, by = "country"
Joining, by = "country"
Joining, by = "country"
Joining, by = "country"
